<?xml version="1.0" encoding="UTF-8"?>
<!-- Generated by org.testng.reporters.JUnitReportReporter -->
<testsuite hostname="DESKTOP-0FPO0BM" failures="0" tests="2" name="annotate_2.Home_2$Child" time="10.410" errors="0" timestamp="2024-11-11T11:49:04 IST" skipped="0">
  <testcase classname="annotate_2.Home_2$Child" name="mid" time="7.400"/>
  <testcase classname="annotate_2.Home_2$Child" name="shop" time="3.010"/>
</testsuite> <!-- annotate_2.Home_2$Child -->
