<?xml version="1.0" encoding="UTF-8"?>
<!-- Generated by org.testng.reporters.JUnitReportReporter -->
<testsuite hostname="DESKTOP-0FPO0BM" failures="0" tests="1" name="annotate_1.shop_1$Child_1" time="4.654" errors="0" timestamp="2024-11-11T11:48:44 IST" skipped="0">
  <testcase classname="annotate_1.shop_1$Child_1" name="mid_1" time="4.654"/>
</testsuite> <!-- annotate_1.shop_1$Child_1 -->
