<?xml version="1.0" encoding="UTF-8"?>
<!-- Generated by org.testng.reporters.JUnitReportReporter -->
<testsuite hostname="DESKTOP-0FPO0BM" failures="0" tests="2" name="annotate_2.Home_2" time="9.565" errors="0" timestamp="2024-11-11T12:00:47 IST" skipped="0">
  <testcase classname="annotate_2.Home_2" name="shop" time="3.134"/>
  <testcase classname="annotate_2.Home_2" name="mid" time="6.431"/>
</testsuite> <!-- annotate_2.Home_2 -->
