<?xml version="1.0" encoding="UTF-8"?>
<!-- Generated by org.testng.reporters.JUnitReportReporter -->
<testsuite hostname="DESKTOP-0FPO0BM" failures="0" tests="1" name="annotate_1.Home_1" time="6.551" errors="0" timestamp="2024-11-15T12:01:17 IST" skipped="0">
  <testcase classname="annotate_1.Home_1" name="demo" time="6.551"/>
</testsuite> <!-- annotate_1.Home_1 -->
