<?xml version="1.0" encoding="UTF-8"?>
<!-- Generated by org.testng.reporters.JUnitReportReporter -->
<testsuite hostname="DESKTOP-0FPO0BM" failures="0" tests="1" name="annotate_1.Home_1$parent_1" time="6.694" errors="0" timestamp="2024-11-11T12:00:47 IST" skipped="0">
  <testcase classname="annotate_1.Home_1$parent_1" name="demo" time="6.694"/>
</testsuite> <!-- annotate_1.Home_1$parent_1 -->
