<?xml version="1.0" encoding="UTF-8"?>
<!-- Generated by org.testng.reporters.JUnitReportReporter -->
<testsuite hostname="DESKTOP-0FPO0BM" failures="0" tests="1" name="annotate_1.shop_1" time="5.027" errors="0" timestamp="2024-11-11T12:00:47 IST" skipped="0">
  <testcase classname="annotate_1.shop_1" name="mid_1" time="5.027"/>
</testsuite> <!-- annotate_1.shop_1 -->
