<?xml version="1.0" encoding="UTF-8"?>
<!-- Generated by org.testng.reporters.JUnitReportReporter -->
<testsuite hostname="DESKTOP-0FPO0BM" failures="0" tests="1" name="annotate_2.Shope_2$Demo2" time="7.235" errors="0" timestamp="2024-11-11T12:00:47 IST" skipped="0">
  <testcase classname="annotate_2.Shope_2$Demo2" name="begin" time="7.235"/>
</testsuite> <!-- annotate_2.Shope_2$Demo2 -->
